TN:
SF:/home/travis/build/cyChop/beverages-js/src/js/model/beverage/beverages.js
FN:13,(anonymous_1)
FN:48,(anonymous_2)
FN:54,(anonymous_3)
FN:64,(anonymous_4)
FN:68,(anonymous_5)
FNF:5
FNH:5
FNDA:3,(anonymous_1)
FNDA:15,(anonymous_2)
FNDA:15,(anonymous_3)
FNDA:12,(anonymous_4)
FNDA:768,(anonymous_5)
DA:9,3
DA:23,3
DA:35,3
DA:49,15
DA:50,14
DA:55,15
DA:65,12
DA:69,768
LF:8
LH:8
BRDA:49,1,0,14
BRDA:49,1,1,1
BRF:2
BRH:2
end_of_record
TN:
SF:/home/travis/build/cyChop/beverages-js/src/js/model/beverage/beverage.js
FN:12,(anonymous_1)
FN:20,(anonymous_2)
FN:30,(anonymous_3)
FNF:3
FNH:3
FNDA:5,(anonymous_1)
FNDA:785,(anonymous_2)
FNDA:768,(anonymous_3)
DA:9,5
DA:16,5
DA:31,768
LF:3
LH:3
BRF:0
BRH:0
end_of_record
TN:
SF:/home/travis/build/cyChop/beverages-js/src/js/data/google-sheet-adapter.js
FN:1,(anonymous_1)
FN:16,(anonymous_2)
FN:29,(anonymous_3)
FN:40,(anonymous_4)
FN:55,(anonymous_5)
FN:70,(anonymous_6)
FN:84,(anonymous_7)
FNF:7
FNH:7
FNDA:6,(anonymous_1)
FNDA:32,(anonymous_2)
FNDA:12310,(anonymous_3)
FNDA:3079,(anonymous_4)
FNDA:3850,(anonymous_5)
FNDA:1538,(anonymous_6)
FNDA:1538,(anonymous_7)
DA:1,6
DA:8,6
DA:16,6
DA:17,32
DA:29,6
DA:30,12310
DA:40,6
DA:41,3079
DA:42,3079
DA:55,6
DA:56,3850
DA:57,3850
DA:58,2263
DA:60,1587
DA:70,6
DA:71,1538
DA:72,1538
DA:84,6
DA:85,1538
DA:91,6
LF:20
LH:20
BRDA:17,1,0,29
BRDA:17,1,1,3
BRDA:30,2,0,12310
BRDA:30,2,1,4
BRDA:42,3,0,1636
BRDA:42,3,1,1443
BRDA:57,4,0,2263
BRDA:57,4,1,1587
BRDA:60,5,0,1
BRDA:60,5,1,1586
BRDA:72,6,0,1009
BRDA:72,6,1,529
BRF:12
BRH:12
end_of_record
TN:
SF:/home/travis/build/cyChop/beverages-js/src/js/model/filter/filters.js
FN:14,(anonymous_1)
FN:45,(anonymous_2)
FN:56,(anonymous_3)
FN:57,(anonymous_4)
FN:93,(anonymous_5)
FN:99,(anonymous_6)
FN:104,(anonymous_7)
FN:109,(anonymous_8)
FN:120,(anonymous_9)
FN:121,(anonymous_10)
FN:123,(anonymous_11)
FN:131,(anonymous_12)
FN:147,(anonymous_13)
FN:151,(anonymous_14)
FN:156,(anonymous_15)
FN:163,(anonymous_16)
FN:177,(anonymous_17)
FN:179,(anonymous_18)
FNF:18
FNH:18
FNDA:3,(anonymous_1)
FNDA:26,(anonymous_2)
FNDA:13,(anonymous_3)
FNDA:55,(anonymous_4)
FNDA:34,(anonymous_5)
FNDA:6,(anonymous_6)
FNDA:34,(anonymous_7)
FNDA:272,(anonymous_8)
FNDA:34,(anonymous_9)
FNDA:92,(anonymous_10)
FNDA:44,(anonymous_11)
FNDA:136,(anonymous_12)
FNDA:580,(anonymous_13)
FNDA:583,(anonymous_14)
FNDA:590,(anonymous_15)
FNDA:673,(anonymous_16)
FNDA:583,(anonymous_17)
FNDA:13,(anonymous_18)
DA:9,3
DA:23,3
DA:31,3
DA:33,3
DA:39,3
DA:45,3
DA:46,26
DA:47,6
DA:50,20
DA:53,20
DA:56,3
DA:57,13
DA:58,55
DA:60,13
DA:61,49
DA:62,49
DA:64,10
DA:67,3
DA:70,3
DA:77,3
DA:94,34
DA:96,34
DA:97,34
DA:99,34
DA:100,6
DA:105,34
DA:106,34
DA:110,272
DA:121,34
DA:122,92
DA:124,44
DA:128,34
DA:132,136
DA:148,580
DA:152,583
DA:153,583
DA:157,590
DA:160,590
DA:164,673
DA:165,673
DA:166,408
DA:167,265
DA:168,181
DA:169,181
DA:171,84
DA:178,583
DA:179,6
DA:180,13
DA:185,577
LF:49
LH:49
BRDA:46,1,0,6
BRDA:46,1,1,20
BRDA:53,2,0,13
BRDA:53,2,1,7
BRDA:53,3,0,13
BRDA:53,3,1,13
BRDA:53,4,0,7
BRDA:53,4,1,0
BRDA:62,5,0,10
BRDA:62,5,1,39
BRDA:62,6,0,49
BRDA:62,6,1,35
BRDA:62,6,2,44
BRDA:62,6,3,14
BRDA:94,7,0,34
BRDA:94,7,1,19
BRDA:100,8,0,6
BRDA:100,8,1,0
BRDA:112,9,0,272
BRDA:112,9,1,32
BRDA:112,9,2,16
BRDA:112,9,3,22
BRDA:121,10,0,23
BRDA:121,10,1,11
BRDA:121,11,0,34
BRDA:121,11,1,29
BRDA:124,12,0,44
BRDA:124,12,1,38
BRDA:124,12,2,26
BRDA:148,13,0,580
BRDA:148,13,1,580
BRDA:148,13,2,578
BRDA:153,14,0,582
BRDA:153,14,1,1
BRDA:160,15,0,588
BRDA:160,15,1,2
BRDA:165,16,0,408
BRDA:165,16,1,265
BRDA:165,17,0,673
BRDA:165,17,1,268
BRDA:167,18,0,181
BRDA:167,18,1,84
BRDA:169,19,0,181
BRDA:169,19,1,181
BRDA:178,20,0,6
BRDA:178,20,1,577
BRF:46
BRH:44
end_of_record
TN:
SF:/home/travis/build/cyChop/beverages-js/src/js/model/order/order.js
FN:11,(anonymous_1)
FN:28,(anonymous_2)
FNF:2
FNH:2
FNDA:3,(anonymous_1)
FNDA:6,(anonymous_2)
DA:9,3
DA:15,3
DA:29,6
LF:3
LH:3
BRF:0
BRH:0
end_of_record
TN:
SF:/home/travis/build/cyChop/beverages-js/src/js/model/order/order-summary.js
FN:14,(anonymous_1)
FN:29,(anonymous_2)
FN:33,(anonymous_3)
FN:34,(anonymous_4)
FN:49,(anonymous_5)
FN:66,(anonymous_6)
FNF:6
FNH:6
FNDA:3,(anonymous_1)
FNDA:13,(anonymous_2)
FNDA:47,(anonymous_3)
FNDA:49,(anonymous_4)
FNDA:9,(anonymous_5)
FNDA:2,(anonymous_6)
DA:10,3
DA:18,3
DA:30,13
DA:33,13
DA:34,47
DA:35,49
DA:50,9
DA:53,9
DA:54,6
DA:56,3
DA:67,2
DA:68,2
DA:69,2
LF:13
LH:13
BRDA:51,1,0,9
BRDA:51,1,1,6
BRDA:53,2,0,6
BRDA:53,2,1,3
BRF:4
BRH:4
end_of_record
TN:
SF:/home/travis/build/cyChop/beverages-js/src/js/view/beverages.js
FN:28,(anonymous_1)
FN:43,(anonymous_2)
FN:56,(anonymous_3)
FN:107,(anonymous_4)
FN:134,(anonymous_5)
FN:153,(anonymous_6)
FN:162,(anonymous_7)
FN:166,(anonymous_8)
FN:168,(anonymous_9)
FN:175,(anonymous_10)
FN:178,(anonymous_11)
FN:184,(anonymous_12)
FN:190,(anonymous_13)
FN:191,(anonymous_14)
FN:202,(anonymous_15)
FN:206,(anonymous_16)
FN:211,(anonymous_17)
FN:215,(anonymous_18)
FN:220,(anonymous_19)
FN:221,(anonymous_20)
FN:227,(anonymous_21)
FN:231,(anonymous_22)
FNF:22
FNH:19
FNDA:2,(anonymous_1)
FNDA:1175,(anonymous_2)
FNDA:1178,(anonymous_3)
FNDA:13,(anonymous_4)
FNDA:12,(anonymous_5)
FNDA:10,(anonymous_6)
FNDA:38,(anonymous_7)
FNDA:9,(anonymous_8)
FNDA:1,(anonymous_9)
FNDA:10,(anonymous_10)
FNDA:9,(anonymous_11)
FNDA:0,(anonymous_12)
FNDA:9,(anonymous_13)
FNDA:576,(anonymous_14)
FNDA:21,(anonymous_15)
FNDA:3,(anonymous_16)
FNDA:3,(anonymous_17)
FNDA:6,(anonymous_18)
FNDA:0,(anonymous_19)
FNDA:0,(anonymous_20)
FNDA:1,(anonymous_21)
FNDA:2,(anonymous_22)
DA:9,2
DA:38,2
DA:40,2
DA:43,2
DA:44,1175
DA:45,1173
DA:46,632
DA:49,541
DA:50,1
DA:53,542
DA:56,2
DA:57,1178
DA:62,2
DA:108,13
DA:115,13
DA:116,13
DA:117,13
DA:118,13
DA:121,13
DA:122,10
DA:124,3
DA:136,12
DA:137,0
DA:141,12
DA:142,12
DA:143,12
DA:144,12
DA:147,12
DA:150,12
DA:154,10
DA:156,10
DA:160,10
DA:162,10
DA:163,38
DA:166,10
DA:167,9
DA:168,9
DA:169,1
DA:174,10
DA:176,10
DA:179,9
DA:180,9
DA:181,9
DA:185,0
DA:191,9
DA:192,576
DA:193,576
DA:203,21
DA:207,3
DA:208,3
DA:212,3
DA:216,6
DA:217,6
DA:221,0
DA:222,0
DA:224,0
DA:228,1
DA:232,2
DA:233,2
DA:235,2
LF:60
LH:55
BRDA:44,1,0,1173
BRDA:44,1,1,2
BRDA:45,2,0,632
BRDA:45,2,1,541
BRDA:46,3,0,352
BRDA:46,3,1,280
BRDA:46,4,0,632
BRDA:46,4,1,631
BRDA:47,5,0,352
BRDA:47,5,1,0
BRDA:49,6,0,1
BRDA:49,6,1,540
BRDA:57,7,0,1178
BRDA:57,7,1,1176
BRDA:57,7,2,544
BRDA:112,8,0,0
BRDA:112,8,1,13
BRDA:116,9,0,13
BRDA:116,9,1,0
BRDA:121,10,0,10
BRDA:121,10,1,3
BRDA:136,11,0,0
BRDA:136,11,1,12
BRDA:160,12,0,10
BRDA:160,12,1,0
BRDA:193,13,0,576
BRDA:193,13,1,0
BRDA:232,14,0,2
BRDA:232,14,1,0
BRF:29
BRH:22
end_of_record
TN:
SF:/home/travis/build/cyChop/beverages-js/src/lib/rivets-cfg.js
FN:7,(anonymous_1)
FN:12,(anonymous_2)
FN:19,(anonymous_3)
FN:23,(anonymous_4)
FN:29,(anonymous_5)
FN:33,(anonymous_6)
FN:37,(anonymous_7)
FN:41,(anonymous_8)
FN:47,(anonymous_9)
FN:55,(anonymous_10)
FN:59,(anonymous_11)
FN:63,(anonymous_12)
FN:67,(anonymous_13)
FN:71,(anonymous_14)
FN:77,(anonymous_15)
FN:90,(anonymous_16)
FNF:16
FNH:15
FNDA:3,(anonymous_1)
FNDA:0,(anonymous_2)
FNDA:3465,(anonymous_3)
FNDA:184,(anonymous_4)
FNDA:1158,(anonymous_5)
FNDA:6,(anonymous_6)
FNDA:33,(anonymous_7)
FNDA:6,(anonymous_8)
FNDA:1158,(anonymous_9)
FNDA:22,(anonymous_10)
FNDA:7568,(anonymous_11)
FNDA:8,(anonymous_12)
FNDA:1778,(anonymous_13)
FNDA:1732,(anonymous_14)
FNDA:1308,(anonymous_15)
FNDA:2462,(anonymous_16)
DA:1,3
DA:11,3
DA:12,0
DA:13,0
DA:19,3
DA:20,3465
DA:23,3
DA:24,184
DA:29,3
DA:30,1158
DA:33,3
DA:34,6
DA:37,3
DA:38,33
DA:41,3
DA:42,6
DA:47,3
DA:48,1158
DA:55,3
DA:56,22
DA:59,3
DA:60,7568
DA:63,3
DA:64,8
DA:67,3
DA:68,1778
DA:71,3
DA:72,1732
DA:77,3
DA:78,1308
DA:90,3
DA:91,2462
DA:92,2
DA:93,2
DA:96,2462
DA:97,2461
DA:98,2461
DA:102,3
LF:38
LH:36
BRDA:11,1,0,0
BRDA:11,1,1,3
BRDA:20,2,0,3465
BRDA:20,2,1,1086
BRDA:30,3,0,1156
BRDA:30,3,1,2
BRDA:34,4,0,3
BRDA:34,4,1,3
BRDA:38,5,0,23
BRDA:38,5,1,10
BRDA:48,6,0,759
BRDA:48,6,1,399
BRDA:48,7,0,1158
BRDA:48,7,1,1156
BRDA:64,8,0,8
BRDA:64,8,1,4
BRDA:68,9,0,1778
BRDA:68,9,1,565
BRDA:72,10,0,542
BRDA:72,10,1,1190
BRDA:78,11,0,1307
BRDA:78,11,1,1
BRDA:78,12,0,1308
BRDA:78,12,1,1308
BRDA:78,13,0,1307
BRDA:78,13,1,1
BRDA:91,14,0,2
BRDA:91,14,1,2460
BRDA:96,15,0,2461
BRDA:96,15,1,1
BRF:30
BRH:29
end_of_record
TN:
SF:/home/travis/build/cyChop/beverages-js/src/js/beverages.js
FN:10,(anonymous_1)
FN:29,(anonymous_2)
FNF:2
FNH:2
FNDA:1,(anonymous_1)
FNDA:4,(anonymous_2)
DA:4,1
DA:29,1
DA:30,4
DA:31,4
DA:32,1
DA:33,3
DA:34,1
DA:36,2
DA:38,4
DA:39,4
LF:10
LH:10
BRDA:31,1,0,1
BRDA:31,1,1,3
BRDA:33,2,0,1
BRDA:33,2,1,2
BRF:4
BRH:4
end_of_record
