TN:
SF:/home/travis/build/cyChop/beverages-js/src/js/model/beverage/beverages.js
FN:13,(anonymous_1)
FN:48,(anonymous_2)
FN:54,(anonymous_3)
FN:64,(anonymous_4)
FN:68,(anonymous_5)
FNF:5
FNH:5
FNDA:3,(anonymous_1)
FNDA:13,(anonymous_2)
FNDA:13,(anonymous_3)
FNDA:11,(anonymous_4)
FNDA:704,(anonymous_5)
DA:9,3
DA:23,3
DA:35,3
DA:49,13
DA:50,12
DA:55,13
DA:65,11
DA:69,704
LF:8
LH:8
BRDA:49,1,0,12
BRDA:49,1,1,1
BRF:2
BRH:2
end_of_record
TN:
SF:/home/travis/build/cyChop/beverages-js/src/js/model/beverage/beverage.js
FN:12,(anonymous_1)
FN:20,(anonymous_2)
FN:30,(anonymous_3)
FNF:3
FNH:3
FNDA:5,(anonymous_1)
FNDA:721,(anonymous_2)
FNDA:704,(anonymous_3)
DA:9,5
DA:16,5
DA:31,704
LF:3
LH:3
BRF:0
BRH:0
end_of_record
TN:
SF:/home/travis/build/cyChop/beverages-js/src/js/data/google-sheet-adapter.js
FN:1,(anonymous_1)
FN:16,(anonymous_2)
FN:29,(anonymous_3)
FN:40,(anonymous_4)
FN:55,(anonymous_5)
FN:70,(anonymous_6)
FN:84,(anonymous_7)
FNF:7
FNH:7
FNDA:6,(anonymous_1)
FNDA:30,(anonymous_2)
FNDA:11286,(anonymous_3)
FNDA:2823,(anonymous_4)
FNDA:3530,(anonymous_5)
FNDA:1410,(anonymous_6)
FNDA:1410,(anonymous_7)
DA:1,6
DA:8,6
DA:16,6
DA:17,30
DA:29,6
DA:30,11286
DA:40,6
DA:41,2823
DA:42,2823
DA:55,6
DA:56,3530
DA:57,3530
DA:58,2075
DA:60,1455
DA:70,6
DA:71,1410
DA:72,1410
DA:84,6
DA:85,1410
DA:91,6
LF:20
LH:20
BRDA:17,1,0,27
BRDA:17,1,1,3
BRDA:30,2,0,11286
BRDA:30,2,1,4
BRDA:42,3,0,1500
BRDA:42,3,1,1323
BRDA:57,4,0,2075
BRDA:57,4,1,1455
BRDA:60,5,0,1
BRDA:60,5,1,1454
BRDA:72,6,0,925
BRDA:72,6,1,485
BRF:12
BRH:12
end_of_record
TN:
SF:/home/travis/build/cyChop/beverages-js/src/js/model/filter/filters.js
FN:14,(anonymous_1)
FN:45,(anonymous_2)
FN:56,(anonymous_3)
FN:57,(anonymous_4)
FN:93,(anonymous_5)
FN:99,(anonymous_6)
FN:104,(anonymous_7)
FN:109,(anonymous_8)
FN:120,(anonymous_9)
FN:121,(anonymous_10)
FN:123,(anonymous_11)
FN:131,(anonymous_12)
FN:147,(anonymous_13)
FN:151,(anonymous_14)
FN:156,(anonymous_15)
FN:163,(anonymous_16)
FN:177,(anonymous_17)
FN:179,(anonymous_18)
FNF:18
FNH:18
FNDA:3,(anonymous_1)
FNDA:26,(anonymous_2)
FNDA:13,(anonymous_3)
FNDA:55,(anonymous_4)
FNDA:32,(anonymous_5)
FNDA:6,(anonymous_6)
FNDA:32,(anonymous_7)
FNDA:256,(anonymous_8)
FNDA:32,(anonymous_9)
FNDA:84,(anonymous_10)
FNDA:44,(anonymous_11)
FNDA:128,(anonymous_12)
FNDA:516,(anonymous_13)
FNDA:519,(anonymous_14)
FNDA:526,(anonymous_15)
FNDA:600,(anonymous_16)
FNDA:519,(anonymous_17)
FNDA:13,(anonymous_18)
DA:9,3
DA:23,3
DA:31,3
DA:33,3
DA:39,3
DA:45,3
DA:46,26
DA:47,6
DA:50,20
DA:53,20
DA:56,3
DA:57,13
DA:58,55
DA:60,13
DA:61,49
DA:62,49
DA:64,10
DA:67,3
DA:70,3
DA:77,3
DA:94,32
DA:96,32
DA:97,32
DA:99,32
DA:100,6
DA:105,32
DA:106,32
DA:110,256
DA:121,32
DA:122,84
DA:124,44
DA:128,32
DA:132,128
DA:148,516
DA:152,519
DA:153,519
DA:157,526
DA:160,526
DA:164,600
DA:165,600
DA:166,364
DA:167,236
DA:168,161
DA:169,161
DA:171,75
DA:178,519
DA:179,6
DA:180,13
DA:185,513
LF:49
LH:49
BRDA:46,1,0,6
BRDA:46,1,1,20
BRDA:53,2,0,13
BRDA:53,2,1,7
BRDA:53,3,0,13
BRDA:53,3,1,13
BRDA:53,4,0,7
BRDA:53,4,1,0
BRDA:62,5,0,10
BRDA:62,5,1,39
BRDA:62,6,0,49
BRDA:62,6,1,35
BRDA:62,6,2,44
BRDA:62,6,3,14
BRDA:94,7,0,32
BRDA:94,7,1,17
BRDA:100,8,0,6
BRDA:100,8,1,0
BRDA:112,9,0,256
BRDA:112,9,1,32
BRDA:112,9,2,16
BRDA:112,9,3,22
BRDA:121,10,0,21
BRDA:121,10,1,11
BRDA:121,11,0,32
BRDA:121,11,1,27
BRDA:124,12,0,44
BRDA:124,12,1,38
BRDA:124,12,2,26
BRDA:148,13,0,516
BRDA:148,13,1,516
BRDA:148,13,2,514
BRDA:153,14,0,518
BRDA:153,14,1,1
BRDA:160,15,0,524
BRDA:160,15,1,2
BRDA:165,16,0,364
BRDA:165,16,1,236
BRDA:165,17,0,600
BRDA:165,17,1,239
BRDA:167,18,0,161
BRDA:167,18,1,75
BRDA:169,19,0,161
BRDA:169,19,1,161
BRDA:178,20,0,6
BRDA:178,20,1,513
BRF:46
BRH:44
end_of_record
TN:
SF:/home/travis/build/cyChop/beverages-js/src/js/model/order/order.js
FN:11,(anonymous_1)
FN:28,(anonymous_2)
FNF:2
FNH:2
FNDA:3,(anonymous_1)
FNDA:6,(anonymous_2)
DA:9,3
DA:15,3
DA:29,6
LF:3
LH:3
BRF:0
BRH:0
end_of_record
TN:
SF:/home/travis/build/cyChop/beverages-js/src/js/model/order/order-summary.js
FN:14,(anonymous_1)
FN:29,(anonymous_2)
FN:33,(anonymous_3)
FN:34,(anonymous_4)
FN:49,(anonymous_5)
FN:66,(anonymous_6)
FNF:6
FNH:6
FNDA:3,(anonymous_1)
FNDA:10,(anonymous_2)
FNDA:34,(anonymous_3)
FNDA:36,(anonymous_4)
FNDA:8,(anonymous_5)
FNDA:1,(anonymous_6)
DA:10,3
DA:18,3
DA:30,10
DA:33,10
DA:34,34
DA:35,36
DA:50,8
DA:53,8
DA:54,5
DA:56,3
DA:67,1
DA:68,1
DA:69,1
LF:13
LH:13
BRDA:51,1,0,8
BRDA:51,1,1,5
BRDA:53,2,0,5
BRDA:53,2,1,3
BRF:4
BRH:4
end_of_record
TN:
SF:/home/travis/build/cyChop/beverages-js/src/js/view/beverages.js
FN:28,(anonymous_1)
FN:43,(anonymous_2)
FN:56,(anonymous_3)
FN:107,(anonymous_4)
FN:134,(anonymous_5)
FN:153,(anonymous_6)
FN:162,(anonymous_7)
FN:166,(anonymous_8)
FN:168,(anonymous_9)
FN:175,(anonymous_10)
FN:178,(anonymous_11)
FN:184,(anonymous_12)
FN:190,(anonymous_13)
FN:191,(anonymous_14)
FN:202,(anonymous_15)
FN:206,(anonymous_16)
FN:211,(anonymous_17)
FN:215,(anonymous_18)
FN:220,(anonymous_19)
FN:221,(anonymous_20)
FN:227,(anonymous_21)
FN:231,(anonymous_22)
FNF:22
FNH:18
FNDA:2,(anonymous_1)
FNDA:1045,(anonymous_2)
FNDA:1048,(anonymous_3)
FNDA:11,(anonymous_4)
FNDA:10,(anonymous_5)
FNDA:8,(anonymous_6)
FNDA:27,(anonymous_7)
FNDA:8,(anonymous_8)
FNDA:1,(anonymous_9)
FNDA:8,(anonymous_10)
FNDA:8,(anonymous_11)
FNDA:0,(anonymous_12)
FNDA:8,(anonymous_13)
FNDA:512,(anonymous_14)
FNDA:18,(anonymous_15)
FNDA:3,(anonymous_16)
FNDA:3,(anonymous_17)
FNDA:6,(anonymous_18)
FNDA:0,(anonymous_19)
FNDA:0,(anonymous_20)
FNDA:0,(anonymous_21)
FNDA:1,(anonymous_22)
DA:9,2
DA:38,2
DA:40,2
DA:43,2
DA:44,1045
DA:45,1043
DA:46,562
DA:49,481
DA:50,1
DA:53,482
DA:56,2
DA:57,1048
DA:62,2
DA:108,11
DA:115,11
DA:116,11
DA:117,11
DA:118,11
DA:121,11
DA:122,8
DA:124,3
DA:136,10
DA:137,0
DA:141,10
DA:142,10
DA:143,10
DA:144,10
DA:147,10
DA:150,10
DA:154,8
DA:156,8
DA:160,8
DA:162,8
DA:163,27
DA:166,8
DA:167,8
DA:168,8
DA:169,1
DA:174,8
DA:176,8
DA:179,8
DA:180,8
DA:181,8
DA:185,0
DA:191,8
DA:192,512
DA:193,512
DA:203,18
DA:207,3
DA:208,3
DA:212,3
DA:216,6
DA:217,6
DA:221,0
DA:222,0
DA:224,0
DA:228,0
DA:232,1
DA:233,1
DA:235,1
LF:60
LH:54
BRDA:44,1,0,1043
BRDA:44,1,1,2
BRDA:45,2,0,562
BRDA:45,2,1,481
BRDA:46,3,0,313
BRDA:46,3,1,249
BRDA:46,4,0,562
BRDA:46,4,1,561
BRDA:47,5,0,313
BRDA:47,5,1,0
BRDA:49,6,0,1
BRDA:49,6,1,480
BRDA:57,7,0,1048
BRDA:57,7,1,1046
BRDA:57,7,2,484
BRDA:112,8,0,0
BRDA:112,8,1,11
BRDA:116,9,0,11
BRDA:116,9,1,0
BRDA:121,10,0,8
BRDA:121,10,1,3
BRDA:136,11,0,0
BRDA:136,11,1,10
BRDA:160,12,0,8
BRDA:160,12,1,0
BRDA:193,13,0,512
BRDA:193,13,1,0
BRDA:232,14,0,1
BRDA:232,14,1,0
BRF:29
BRH:22
end_of_record
TN:
SF:/home/travis/build/cyChop/beverages-js/src/lib/rivets-cfg.js
FN:7,(anonymous_1)
FN:12,(anonymous_2)
FN:19,(anonymous_3)
FN:23,(anonymous_4)
FN:29,(anonymous_5)
FN:33,(anonymous_6)
FN:37,(anonymous_7)
FN:41,(anonymous_8)
FN:47,(anonymous_9)
FN:55,(anonymous_10)
FN:59,(anonymous_11)
FN:63,(anonymous_12)
FN:67,(anonymous_13)
FN:71,(anonymous_14)
FN:77,(anonymous_15)
FN:90,(anonymous_16)
FNF:16
FNH:15
FNDA:3,(anonymous_1)
FNDA:0,(anonymous_2)
FNDA:3081,(anonymous_3)
FNDA:148,(anonymous_4)
FNDA:1030,(anonymous_5)
FNDA:6,(anonymous_6)
FNDA:30,(anonymous_7)
FNDA:6,(anonymous_8)
FNDA:1030,(anonymous_9)
FNDA:20,(anonymous_10)
FNDA:6726,(anonymous_11)
FNDA:8,(anonymous_12)
FNDA:1580,(anonymous_13)
FNDA:1540,(anonymous_14)
FNDA:1155,(anonymous_15)
FNDA:2181,(anonymous_16)
DA:1,3
DA:11,3
DA:12,0
DA:13,0
DA:19,3
DA:20,3081
DA:23,3
DA:24,148
DA:29,3
DA:30,1030
DA:33,3
DA:34,6
DA:37,3
DA:38,30
DA:41,3
DA:42,6
DA:47,3
DA:48,1030
DA:55,3
DA:56,20
DA:59,3
DA:60,6726
DA:63,3
DA:64,8
DA:67,3
DA:68,1580
DA:71,3
DA:72,1540
DA:77,3
DA:78,1155
DA:90,3
DA:91,2181
DA:92,2
DA:93,2
DA:96,2181
DA:97,2180
DA:98,2180
DA:102,3
LF:38
LH:36
BRDA:11,1,0,0
BRDA:11,1,1,3
BRDA:20,2,0,3081
BRDA:20,2,1,966
BRDA:30,3,0,1028
BRDA:30,3,1,2
BRDA:34,4,0,3
BRDA:34,4,1,3
BRDA:38,5,0,20
BRDA:38,5,1,10
BRDA:48,6,0,675
BRDA:48,6,1,355
BRDA:48,7,0,1030
BRDA:48,7,1,1028
BRDA:64,8,0,8
BRDA:64,8,1,4
BRDA:68,9,0,1580
BRDA:68,9,1,502
BRDA:72,10,0,482
BRDA:72,10,1,1058
BRDA:78,11,0,1154
BRDA:78,11,1,1
BRDA:78,12,0,1155
BRDA:78,12,1,1155
BRDA:78,13,0,1154
BRDA:78,13,1,1
BRDA:91,14,0,2
BRDA:91,14,1,2179
BRDA:96,15,0,2180
BRDA:96,15,1,1
BRF:30
BRH:29
end_of_record
TN:
SF:/home/travis/build/cyChop/beverages-js/src/js/beverages.js
FN:10,(anonymous_1)
FN:29,(anonymous_2)
FNF:2
FNH:2
FNDA:1,(anonymous_1)
FNDA:4,(anonymous_2)
DA:4,1
DA:29,1
DA:30,4
DA:31,4
DA:32,1
DA:33,3
DA:34,1
DA:36,2
DA:38,4
DA:39,4
LF:10
LH:10
BRDA:31,1,0,1
BRDA:31,1,1,3
BRDA:33,2,0,1
BRDA:33,2,1,2
BRF:4
BRH:4
end_of_record
